<?xml version="1.0" encoding="UTF-8"?>
<coverage generated="1663823441294" clover="3.2.0">
  <project timestamp="1663823441294" name="All files">
    <metrics statements="18" coveredstatements="10" conditionals="0" coveredconditionals="0" methods="4" coveredmethods="1" elements="22" coveredelements="11" complexity="0" loc="18" ncloc="18" packages="1" files="1" classes="1"/>
    <file name="index.js" path="/Users/lamontzoe/assessmentTaskScalapay/index.js">
      <metrics statements="18" coveredstatements="10" conditionals="0" coveredconditionals="0" methods="4" coveredmethods="1"/>
      <line num="1" count="1" type="stmt"/>
      <line num="2" count="1" type="stmt"/>
      <line num="3" count="1" type="stmt"/>
      <line num="7" count="1" type="stmt"/>
      <line num="9" count="2" type="stmt"/>
      <line num="17" count="2" type="stmt"/>
      <line num="19" count="2" type="stmt"/>
      <line num="22" count="0" type="stmt"/>
      <line num="24" count="0" type="stmt"/>
      <line num="26" count="0" type="stmt"/>
      <line num="27" count="0" type="stmt"/>
      <line num="30" count="2" type="stmt"/>
      <line num="34" count="1" type="stmt"/>
      <line num="35" count="1" type="stmt"/>
      <line num="42" count="0" type="stmt"/>
      <line num="44" count="0" type="stmt"/>
      <line num="45" count="0" type="stmt"/>
      <line num="48" count="0" type="stmt"/>
    </file>
  </project>
</coverage>
