{"/Users/lamontzoe/assessmentTaskScalapay/index.js": {"path":"/Users/lamontzoe/assessmentTaskScalapay/index.js","statementMap":{"0":{"start":{"line":1,"column":14},"end":{"line":1,"column":30}},"1":{"start":{"line":2,"column":18},"end":{"line":2,"column":37}},"2":{"start":{"line":3,"column":11},"end":{"line":3,"column":24}},"3":{"start":{"line":7,"column":18},"end":{"line":32,"column":1}},"4":{"start":{"line":9,"column":19},"end":{"line":15,"column":5}},"5":{"start":{"line":17,"column":4},"end":{"line":31,"column":5}},"6":{"start":{"line":19,"column":8},"end":{"line":28,"column":11}},"7":{"start":{"line":22,"column":24},"end":{"line":22,"column":37}},"8":{"start":{"line":24,"column":28},"end":{"line":24,"column":42}},"9":{"start":{"line":26,"column":12},"end":{"line":26,"column":42}},"10":{"start":{"line":27,"column":12},"end":{"line":27,"column":41}},"11":{"start":{"line":30,"column":8},"end":{"line":30,"column":21}},"12":{"start":{"line":34,"column":0},"end":{"line":34,"column":30}},"13":{"start":{"line":35,"column":0},"end":{"line":35,"column":12}},"14":{"start":{"line":42,"column":19},"end":{"line":42,"column":58}},"15":{"start":{"line":44,"column":17},"end":{"line":46,"column":5}},"16":{"start":{"line":45,"column":7},"end":{"line":45,"column":158}},"17":{"start":{"line":48,"column":4},"end":{"line":48,"column":42}}},"fnMap":{"0":{"name":"(anonymous_0)","decl":{"start":{"line":7,"column":18},"end":{"line":7,"column":19}},"loc":{"start":{"line":7,"column":30},"end":{"line":32,"column":1}},"line":7},"1":{"name":"(anonymous_1)","decl":{"start":{"line":20,"column":14},"end":{"line":20,"column":15}},"loc":{"start":{"line":20,"column":28},"end":{"line":28,"column":9}},"line":20},"2":{"name":"formatCSV","decl":{"start":{"line":40,"column":9},"end":{"line":40,"column":18}},"loc":{"start":{"line":40,"column":34},"end":{"line":49,"column":1}},"line":40},"3":{"name":"(anonymous_3)","decl":{"start":{"line":44,"column":34},"end":{"line":44,"column":35}},"loc":{"start":{"line":45,"column":7},"end":{"line":45,"column":158}},"line":45}},"branchMap":{},"s":{"0":1,"1":1,"2":1,"3":1,"4":2,"5":2,"6":2,"7":0,"8":0,"9":0,"10":0,"11":2,"12":1,"13":1,"14":0,"15":0,"16":0,"17":0},"f":{"0":2,"1":0,"2":0,"3":0},"b":{},"_coverageSchema":"1a1c01bbd47fc00a2c39e90264f33305004495a9","hash":"67a6e20b0d90b1e6c96339d7c1739daaebadcb74"}
}
